<?xml version="1.0" encoding="UTF-8"?>
<!-- Generated by org.testng.reporters.JUnitReportReporter -->
<testsuite hostname="DESKTOP-RO8II0V" failures="0" tests="1" name="com.cgi.test.LoginTest" time="387.087" errors="0" timestamp="2025-04-24T16:02:19 IST" skipped="0">
  <testcase classname="com.cgi.test.LoginTest" name="validLoginTest" time="387.087"/>
</testsuite> <!-- com.cgi.test.LoginTest -->
