<?xml version="1.0" encoding="UTF-8"?>
<!-- Generated by org.testng.reporters.JUnitReportReporter -->
<testsuite hostname="DESKTOP-RO8II0V" failures="0" tests="1" name="com.cgi.test.DemoTest" time="9.238" errors="0" timestamp="2025-04-24T16:26:51 IST" skipped="0">
  <testcase classname="com.cgi.test.DemoTest" name="validTest" time="9.238"/>
</testsuite> <!-- com.cgi.test.DemoTest -->
