<?xml version="1.0" encoding="UTF-8"?>
<!-- Generated by org.testng.reporters.JUnitReportReporter -->
<testsuite hostname="DESKTOP-RO8II0V" failures="0" tests="2" name="com.cgi.test.LoginUITest" time="16.136" errors="0" timestamp="2025-04-24T14:42:32 IST" skipped="0">
  <testcase classname="com.cgi.test.LoginUITest" name="headerTest" time="9.688"/>
  <testcase classname="com.cgi.test.LoginUITest" name="titleTest" time="6.448"/>
</testsuite> <!-- com.cgi.test.LoginUITest -->
