<?xml version="1.0" encoding="UTF-8"?>
<!-- Generated by org.testng.reporters.JUnitReportReporter -->
<testsuite hostname="DESKTOP-RO8II0V" failures="0" tests="2" name="com.cgi.test.LoginTest" time="20.587" errors="0" timestamp="2025-04-24T17:20:35 IST" skipped="0">
  <testcase classname="com.cgi.test.LoginTest" name="invalidLoginTest" time="12.423"/>
  <testcase classname="com.cgi.test.LoginTest" name="invalidLoginTest" time="8.164"/>
</testsuite> <!-- com.cgi.test.LoginTest -->
