<?xml version="1.0" encoding="UTF-8"?>
<!-- Generated by org.testng.reporters.JUnitReportReporter -->
<testsuite hostname="DESKTOP-RO8II0V" failures="0" tests="3" name="com.cgi.test.ZDemo1Test" time="10.076" errors="0" timestamp="2025-04-24T16:43:18 IST" skipped="0">
  <testcase classname="com.cgi.test.ZDemo1Test" name="validTest" time="0.969"/>
  <testcase classname="com.cgi.test.ZDemo1Test" name="validTest" time="3.883"/>
  <testcase classname="com.cgi.test.ZDemo1Test" name="validTest" time="5.224"/>
</testsuite> <!-- com.cgi.test.ZDemo1Test -->
