<?xml version="1.0" encoding="UTF-8"?>
<!-- Generated by org.testng.reporters.JUnitReportReporter -->
<testsuite hostname="DESKTOP-RO8II0V" failures="0" tests="1" name="com.cgi.test.LoginUITest" time="8.061" errors="0" timestamp="2025-04-25T15:13:23 IST" skipped="0">
  <testcase classname="com.cgi.test.LoginUITest" name="titleTest" time="8.061"/>
</testsuite> <!-- com.cgi.test.LoginUITest -->
