<?xml version="1.0" encoding="UTF-8"?>
<!-- Generated by org.testng.reporters.JUnitReportReporter -->
<testsuite hostname="DESKTOP-RO8II0V" failures="0" tests="1" name="com.cgi.test.LoginTest" time="12.240" errors="0" timestamp="2025-04-24T14:47:59 IST" skipped="0">
  <testcase classname="com.cgi.test.LoginTest" name="validLoginTest" time="12.240"/>
</testsuite> <!-- com.cgi.test.LoginTest -->
