<?xml version="1.0" encoding="UTF-8"?>
<!-- Generated by org.testng.reporters.JUnitReportReporter -->
<testsuite hostname="DESKTOP-RO8II0V" failures="0" tests="2" name="com.cgi.test.LoginUITest" time="18.698" errors="0" timestamp="2025-04-24T14:19:07 IST" skipped="0">
  <testcase classname="com.cgi.test.LoginUITest" name="titleTest" time="9.729"/>
  <testcase classname="com.cgi.test.LoginUITest" name="headerTest" time="8.969"/>
</testsuite> <!-- com.cgi.test.LoginUITest -->
